[28-May-2019 16:49:26] NOTICE: fpm is running, pid 16
[28-May-2019 16:49:26] NOTICE: ready to handle connections
[28-May-2019 17:21:36] NOTICE: Terminating ...
[28-May-2019 17:21:36] NOTICE: exiting, bye-bye!
[28-May-2019 17:21:42] NOTICE: fpm is running, pid 56
[28-May-2019 17:21:42] NOTICE: ready to handle connections
[28-May-2019 17:24:02] NOTICE: Terminating ...
[28-May-2019 17:24:02] NOTICE: exiting, bye-bye!
[28-May-2019 17:24:06] NOTICE: fpm is running, pid 54
[28-May-2019 17:24:06] NOTICE: ready to handle connections
[28-May-2019 17:27:49] NOTICE: Terminating ...
[28-May-2019 17:27:49] NOTICE: exiting, bye-bye!
[28-May-2019 17:27:54] NOTICE: fpm is running, pid 52
[28-May-2019 17:27:54] NOTICE: ready to handle connections
[28-May-2019 20:33:23] NOTICE: fpm is running, pid 56
[28-May-2019 20:33:23] NOTICE: ready to handle connections
[28-May-2019 23:38:30] NOTICE: Terminating ...
[28-May-2019 23:38:30] NOTICE: exiting, bye-bye!
[28-May-2019 23:55:34] NOTICE: fpm is running, pid 54
[28-May-2019 23:55:34] NOTICE: ready to handle connections
[28-May-2019 23:58:07] NOTICE: Terminating ...
[28-May-2019 23:58:07] NOTICE: exiting, bye-bye!
[28-May-2019 23:58:11] NOTICE: fpm is running, pid 54
[28-May-2019 23:58:11] NOTICE: ready to handle connections
[29-May-2019 13:46:44] NOTICE: fpm is running, pid 58
[29-May-2019 13:46:44] NOTICE: ready to handle connections
[30-May-2019 01:54:00] NOTICE: Terminating ...
[30-May-2019 01:54:00] NOTICE: exiting, bye-bye!
[30-May-2019 13:41:04] NOTICE: fpm is running, pid 57
[30-May-2019 13:41:04] NOTICE: ready to handle connections
[31-May-2019 13:06:03] NOTICE: fpm is running, pid 57
[31-May-2019 13:06:03] NOTICE: ready to handle connections
[01-Jun-2019 02:59:00] NOTICE: Terminating ...
[01-Jun-2019 02:59:00] NOTICE: exiting, bye-bye!
[01-Jun-2019 23:26:42] NOTICE: fpm is running, pid 57
[01-Jun-2019 23:26:42] NOTICE: ready to handle connections
[02-Jun-2019 02:18:38] NOTICE: Terminating ...
[02-Jun-2019 02:18:38] NOTICE: exiting, bye-bye!
[02-Jun-2019 14:29:02] NOTICE: fpm is running, pid 57
[02-Jun-2019 14:29:02] NOTICE: ready to handle connections
[03-Jun-2019 02:43:21] NOTICE: Terminating ...
[03-Jun-2019 02:43:21] NOTICE: exiting, bye-bye!
[03-Jun-2019 13:05:01] NOTICE: fpm is running, pid 58
[03-Jun-2019 13:05:01] NOTICE: ready to handle connections
[04-Jun-2019 02:05:51] NOTICE: Terminating ...
[04-Jun-2019 02:05:51] NOTICE: exiting, bye-bye!
[04-Jun-2019 13:54:53] NOTICE: fpm is running, pid 57
[04-Jun-2019 13:54:53] NOTICE: ready to handle connections
[05-Jun-2019 03:42:09] NOTICE: Terminating ...
[05-Jun-2019 03:42:09] NOTICE: exiting, bye-bye!
[05-Jun-2019 12:44:46] NOTICE: fpm is running, pid 58
[05-Jun-2019 12:44:46] NOTICE: ready to handle connections
[05-Jun-2019 17:30:10] NOTICE: Terminating ...
[05-Jun-2019 17:30:10] NOTICE: exiting, bye-bye!
[05-Jun-2019 17:30:15] NOTICE: fpm is running, pid 56
[05-Jun-2019 17:30:15] NOTICE: ready to handle connections
[05-Jun-2019 18:20:31] NOTICE: Terminating ...
[05-Jun-2019 18:20:31] NOTICE: exiting, bye-bye!
[05-Jun-2019 18:20:38] NOTICE: fpm is running, pid 55
[05-Jun-2019 18:20:38] NOTICE: ready to handle connections
[05-Jun-2019 22:20:39] NOTICE: Terminating ...
[05-Jun-2019 22:20:39] NOTICE: exiting, bye-bye!
[05-Jun-2019 22:20:43] NOTICE: fpm is running, pid 55
[05-Jun-2019 22:20:43] NOTICE: ready to handle connections
[06-Jun-2019 13:10:39] NOTICE: Terminating ...
[06-Jun-2019 13:10:39] NOTICE: exiting, bye-bye!
[06-Jun-2019 13:11:43] NOTICE: fpm is running, pid 56
[06-Jun-2019 13:11:43] NOTICE: ready to handle connections
[06-Jun-2019 14:12:23] NOTICE: fpm is running, pid 58
[06-Jun-2019 14:12:23] NOTICE: ready to handle connections
[07-Jun-2019 13:21:41] NOTICE: fpm is running, pid 56
[07-Jun-2019 13:21:41] NOTICE: ready to handle connections
[07-Jun-2019 16:18:07] NOTICE: Terminating ...
[07-Jun-2019 16:18:07] NOTICE: exiting, bye-bye!
[07-Jun-2019 16:18:12] NOTICE: fpm is running, pid 52
[07-Jun-2019 16:18:12] NOTICE: ready to handle connections
[07-Jun-2019 21:07:44] NOTICE: Terminating ...
[07-Jun-2019 21:07:44] NOTICE: exiting, bye-bye!
[07-Jun-2019 21:07:52] NOTICE: fpm is running, pid 52
[07-Jun-2019 21:07:52] NOTICE: ready to handle connections
[08-Jun-2019 01:06:05] NOTICE: Terminating ...
[08-Jun-2019 01:06:05] NOTICE: exiting, bye-bye!
[08-Jun-2019 01:06:11] NOTICE: fpm is running, pid 56
[08-Jun-2019 01:06:11] NOTICE: ready to handle connections
[08-Jun-2019 02:21:57] NOTICE: Terminating ...
[08-Jun-2019 02:21:57] NOTICE: exiting, bye-bye!
[08-Jun-2019 11:35:57] NOTICE: fpm is running, pid 57
[08-Jun-2019 11:35:57] NOTICE: ready to handle connections
[09-Jun-2019 01:20:02] NOTICE: Terminating ...
[09-Jun-2019 01:20:02] NOTICE: exiting, bye-bye!
[09-Jun-2019 22:17:56] NOTICE: fpm is running, pid 58
[09-Jun-2019 22:17:56] NOTICE: ready to handle connections
[10-Jun-2019 01:38:44] NOTICE: Terminating ...
[10-Jun-2019 01:38:44] NOTICE: exiting, bye-bye!
[10-Jun-2019 14:03:26] NOTICE: fpm is running, pid 58
[10-Jun-2019 14:03:26] NOTICE: ready to handle connections
[10-Jun-2019 17:07:26] NOTICE: Terminating ...
[10-Jun-2019 17:07:26] NOTICE: exiting, bye-bye!
[10-Jun-2019 17:07:30] NOTICE: fpm is running, pid 54
[10-Jun-2019 17:07:30] NOTICE: ready to handle connections
[11-Jun-2019 02:09:13] NOTICE: Terminating ...
[11-Jun-2019 02:09:13] NOTICE: exiting, bye-bye!
[11-Jun-2019 14:00:02] NOTICE: fpm is running, pid 56
[11-Jun-2019 14:00:02] NOTICE: ready to handle connections
[11-Jun-2019 15:47:47] NOTICE: Terminating ...
[11-Jun-2019 15:47:47] NOTICE: exiting, bye-bye!
[11-Jun-2019 15:47:54] NOTICE: fpm is running, pid 52
[11-Jun-2019 15:47:54] NOTICE: ready to handle connections
[12-Jun-2019 01:07:58] NOTICE: Terminating ...
[12-Jun-2019 01:07:58] NOTICE: exiting, bye-bye!
[12-Jun-2019 13:56:41] NOTICE: fpm is running, pid 59
[12-Jun-2019 13:56:41] NOTICE: ready to handle connections
[12-Jun-2019 14:43:10] NOTICE: Terminating ...
[12-Jun-2019 14:43:10] NOTICE: exiting, bye-bye!
[12-Jun-2019 17:13:00] NOTICE: fpm is running, pid 55
[12-Jun-2019 17:13:00] NOTICE: ready to handle connections
[12-Jun-2019 17:57:09] NOTICE: Terminating ...
[12-Jun-2019 17:57:09] NOTICE: exiting, bye-bye!
[12-Jun-2019 18:05:33] NOTICE: fpm is running, pid 55
[12-Jun-2019 18:05:33] NOTICE: ready to handle connections
[13-Jun-2019 00:45:10] NOTICE: Terminating ...
[13-Jun-2019 00:45:10] NOTICE: exiting, bye-bye!
[13-Jun-2019 00:45:43] NOTICE: fpm is running, pid 52
[13-Jun-2019 00:45:43] NOTICE: ready to handle connections
[13-Jun-2019 12:56:36] NOTICE: Terminating ...
[13-Jun-2019 12:56:36] NOTICE: exiting, bye-bye!
[13-Jun-2019 12:56:41] NOTICE: fpm is running, pid 53
[13-Jun-2019 12:56:41] NOTICE: ready to handle connections
[14-Jun-2019 00:34:34] NOTICE: Terminating ...
[14-Jun-2019 00:34:34] NOTICE: exiting, bye-bye!
[14-Jun-2019 00:34:39] NOTICE: fpm is running, pid 55
[14-Jun-2019 00:34:39] NOTICE: ready to handle connections
[14-Jun-2019 20:37:41] NOTICE: Terminating ...
[14-Jun-2019 20:37:41] NOTICE: exiting, bye-bye!
[14-Jun-2019 20:37:50] NOTICE: fpm is running, pid 54
[14-Jun-2019 20:37:50] NOTICE: ready to handle connections
[15-Jun-2019 00:49:23] NOTICE: Terminating ...
[15-Jun-2019 00:49:23] NOTICE: exiting, bye-bye!
[15-Jun-2019 00:49:28] NOTICE: fpm is running, pid 53
[15-Jun-2019 00:49:28] NOTICE: ready to handle connections
[15-Jun-2019 02:21:44] NOTICE: Terminating ...
[15-Jun-2019 02:21:44] NOTICE: exiting, bye-bye!
[15-Jun-2019 02:21:52] NOTICE: fpm is running, pid 54
[15-Jun-2019 02:21:52] NOTICE: ready to handle connections
[15-Jun-2019 12:33:02] NOTICE: fpm is running, pid 59
[15-Jun-2019 12:33:02] NOTICE: ready to handle connections
[15-Jun-2019 17:28:43] NOTICE: Terminating ...
[15-Jun-2019 17:28:43] NOTICE: exiting, bye-bye!
[15-Jun-2019 17:28:48] NOTICE: fpm is running, pid 54
[15-Jun-2019 17:28:48] NOTICE: ready to handle connections
[15-Jun-2019 18:41:13] NOTICE: Terminating ...
[15-Jun-2019 18:41:13] NOTICE: exiting, bye-bye!
[15-Jun-2019 18:41:18] NOTICE: fpm is running, pid 52
[15-Jun-2019 18:41:18] NOTICE: ready to handle connections
[16-Jun-2019 00:34:20] NOTICE: Terminating ...
[16-Jun-2019 00:34:20] NOTICE: exiting, bye-bye!
[16-Jun-2019 01:14:11] NOTICE: fpm is running, pid 57
[16-Jun-2019 01:14:11] NOTICE: ready to handle connections
[16-Jun-2019 01:53:49] NOTICE: Terminating ...
[16-Jun-2019 01:53:49] NOTICE: exiting, bye-bye!
[16-Jun-2019 01:53:55] NOTICE: fpm is running, pid 56
[16-Jun-2019 01:53:55] NOTICE: ready to handle connections
[16-Jun-2019 01:54:58] NOTICE: Terminating ...
[16-Jun-2019 01:54:58] NOTICE: exiting, bye-bye!
[16-Jun-2019 01:55:03] NOTICE: fpm is running, pid 53
[16-Jun-2019 01:55:03] NOTICE: ready to handle connections
[16-Jun-2019 02:28:46] NOTICE: Terminating ...
[16-Jun-2019 02:28:46] NOTICE: exiting, bye-bye!
[16-Jun-2019 02:28:52] NOTICE: fpm is running, pid 52
[16-Jun-2019 02:28:52] NOTICE: ready to handle connections
[16-Jun-2019 12:53:17] NOTICE: fpm is running, pid 59
[16-Jun-2019 12:53:17] NOTICE: ready to handle connections
[16-Jun-2019 23:00:55] NOTICE: Terminating ...
[16-Jun-2019 23:00:55] NOTICE: exiting, bye-bye!
[16-Jun-2019 23:01:01] NOTICE: fpm is running, pid 52
[16-Jun-2019 23:01:01] NOTICE: ready to handle connections
[16-Jun-2019 23:15:07] NOTICE: Terminating ...
[16-Jun-2019 23:15:07] NOTICE: exiting, bye-bye!
[16-Jun-2019 23:15:14] NOTICE: fpm is running, pid 52
[16-Jun-2019 23:15:14] NOTICE: ready to handle connections
[16-Jun-2019 23:45:06] NOTICE: Terminating ...
[16-Jun-2019 23:45:06] NOTICE: exiting, bye-bye!
[16-Jun-2019 23:45:11] NOTICE: fpm is running, pid 53
[16-Jun-2019 23:45:11] NOTICE: ready to handle connections
[18-Jun-2019 02:40:13] NOTICE: Terminating ...
[18-Jun-2019 02:40:13] NOTICE: exiting, bye-bye!
[18-Jun-2019 22:44:11] NOTICE: fpm is running, pid 57
[18-Jun-2019 22:44:11] NOTICE: ready to handle connections
[21-Jun-2019 13:58:07] NOTICE: fpm is running, pid 56
[21-Jun-2019 13:58:07] NOTICE: ready to handle connections
[06-Jul-2019 13:33:15] NOTICE: Terminating ...
[06-Jul-2019 13:33:15] NOTICE: exiting, bye-bye!
[20-Jul-2019 15:12:56] NOTICE: fpm is running, pid 58
[20-Jul-2019 15:12:56] NOTICE: ready to handle connections
[09-Oct-2019 14:24:53] NOTICE: fpm is running, pid 26
[09-Oct-2019 14:24:53] NOTICE: ready to handle connections
