********************************************************************************
DUPLICATOR-LITE PACKAGE-LOG: June 22, 2019 1:10 pm
NOTICE: Do NOT post to public sites or forums 
********************************************************************************
VERSION:	1.3.14
WORDPRESS:	5.2.2
PHP INFO:	7.2.9 | SAPI: fpm-fcgi
SERVER:		nginx/1.14.0 
PHP TIME LIMIT: (0) no time limit imposed 
PHP MAX MEMORY: 4294967296 (256M default) 
MEMORY STACK: 2MB 

********************************************************************************
DATABASE:
********************************************************************************
BUILD MODE:   MYSQLDUMP
MYSQLTIMEOUT: 5000
MYSQLDUMP:    Is Supported 
SQL CREATED: 20190622_immocommco_b6cf2767deef08e39719_20190622130922_database.sql 
SQL FILE SIZE: 1.34MB (1405927) 
SQL FILE TIME: 2019-06-22 13:10:38 
SQL RUNTIME: 0.59 sec. 

******************************************************************************** 
ARCHIVE (ZIP): 
******************************************************************************** 
ARCHIVE DIR:  /app/public 
ARCHIVE FILE: 20190622_immocommco_b6cf2767deef08e39719_20190622130922_archive.zip 
FILTERS: *OFF* 
DIRS:
	not set 
FILES:
	not set 
EXTS:  not set 
---------------------------------------- 
COMPRESSING 
SIZE:	144.76MB 
STATS:	Dirs 1,908 | Files 14,252 
SQL ADDED: 20190622_immocommco_b6cf2767deef08e39719_20190622130922_database.sql 
ZipArchive Object
(
    [status] => 0
    [statusSys] => 0
    [numFiles] => 16160
    [filename] => /app/public/wp-snapshots/tmp/20190622_immocommco_b6cf2767deef08e39719_20190622130922_archive.zip
    [comment] => 
)
 
FILE ADDED TO ZIP: 16159 
COMPRESSION RESULT: '1' 
COMPRESSED SIZE: 72.79MB 
ARCHIVE RUNTIME: 51.11 sec. 
MEMORY STACK: 112MB 
building installer 
add_extra_files1 
add_extra_files2 
add_extra_files3 
add_extra_files4 
Doing archive file check 
add_extra_files5 
add_extra_files6 
add_extra_files8 
Successfully opened zip /app/public/wp-snapshots/tmp/20190622_immocommco_b6cf2767deef08e39719_20190622130922_archive.zip 
Adding enhanced installer files to archive using ZipArchive 
Installer files added to archive 
Added to archive 
After ziparchive close when adding installer 

******************************************************************************** 
INTEGRITY CHECKS: 
******************************************************************************** 
SQL FILE: 1.34MB 
INSTALLER FILE: 47.4KB 
ARCHIVE FILE: 74.16MB  
EXPECTED FILE/DIRECTORY COUNT: 16,160 
ACTUAL FILE/DIRECTORY COUNT: 16,159 
ARCHIVE CONSISTENCY TEST: Pass 

********************************************************************************
RECORD ID:[1]
TOTAL PROCESS RUNTIME: 54.30 sec.
PEAK PHP MEMORY USED: 116MB
DONE PROCESSING => 20190622_immocommco June 22, 2019 1:11 pm
 
